Analysis & Synthesis report for LogicalStep_Lab5_top
Sat Jul 15 18:28:51 2017
Quartus Prime Version 15.1.0 Build 185 10/21/2015 SJ Standard Edition


---------------------
; Table of Contents ;
---------------------
  1. Legal Notice
  2. Analysis & Synthesis Summary
  3. Analysis & Synthesis Settings
  4. Parallel Compilation
  5. Analysis & Synthesis Source Files Read
  6. Analysis & Synthesis Resource Usage Summary
  7. Analysis & Synthesis Resource Utilization by Entity
  8. State Machine - |LogicalStep_Lab5_top|Lab5_Moore_SM:INST3|current_state
  9. Registers Removed During Synthesis
 10. General Register Statistics
 11. Inverted Register Statistics
 12. Port Connectivity Checks: "cycle_generator:GEN2"
 13. Port Connectivity Checks: "cycle_generator:GEN1"
 14. Post-Synthesis Netlist Statistics for Top Partition
 15. Elapsed Time Per Partition
 16. Analysis & Synthesis Messages



----------------
; Legal Notice ;
----------------
Copyright (C) 1991-2015 Altera Corporation. All rights reserved.
Your use of Altera Corporation's design tools, logic functions 
and other software and tools, and its AMPP partner logic 
functions, and any output files from any of the foregoing 
(including device programming or simulation files), and any 
associated documentation or information are expressly subject 
to the terms and conditions of the Altera Program License 
Subscription Agreement, the Altera Quartus Prime License Agreement,
the Altera MegaCore Function License Agreement, or other 
applicable license agreement, including, without limitation, 
that your use is for the sole purpose of programming logic 
devices manufactured by Altera and sold by Altera or its 
authorized distributors.  Please refer to the applicable 
agreement for further details.



+--------------------------------------------------------------------------------------+
; Analysis & Synthesis Summary                                                         ;
+------------------------------------+-------------------------------------------------+
; Analysis & Synthesis Status        ; Successful - Sat Jul 15 18:28:51 2017           ;
; Quartus Prime Version              ; 15.1.0 Build 185 10/21/2015 SJ Standard Edition ;
; Revision Name                      ; LogicalStep_Lab5_top                            ;
; Top-level Entity Name              ; LogicalStep_Lab5_top                            ;
; Family                             ; MAX 10                                          ;
; Total logic elements               ; 213                                             ;
;     Total combinational functions  ; 207                                             ;
;     Dedicated logic registers      ; 107                                             ;
; Total registers                    ; 107                                             ;
; Total pins                         ; 31                                              ;
; Total virtual pins                 ; 0                                               ;
; Total memory bits                  ; 0                                               ;
; Embedded Multiplier 9-bit elements ; 0                                               ;
; Total PLLs                         ; 0                                               ;
; UFM blocks                         ; 0                                               ;
; ADC blocks                         ; 0                                               ;
+------------------------------------+-------------------------------------------------+


+--------------------------------------------------------------------------------------------------------------------------+
; Analysis & Synthesis Settings                                                                                            ;
+----------------------------------------------------------------------------+----------------------+----------------------+
; Option                                                                     ; Setting              ; Default Value        ;
+----------------------------------------------------------------------------+----------------------+----------------------+
; Device                                                                     ; 10M08SAE144C8G       ;                      ;
; Top-level entity name                                                      ; LogicalStep_Lab5_top ; LogicalStep_Lab5_top ;
; Family name                                                                ; MAX 10               ; Cyclone V            ;
; Use smart compilation                                                      ; Off                  ; Off                  ;
; Enable parallel Assembler and TimeQuest Timing Analyzer during compilation ; On                   ; On                   ;
; Enable compact report table                                                ; Off                  ; Off                  ;
; Restructure Multiplexers                                                   ; Auto                 ; Auto                 ;
; Create Debugging Nodes for IP Cores                                        ; Off                  ; Off                  ;
; Preserve fewer node names                                                  ; On                   ; On                   ;
; Disable OpenCore Plus hardware evaluation                                  ; Off                  ; Off                  ;
; Verilog Version                                                            ; Verilog_2001         ; Verilog_2001         ;
; VHDL Version                                                               ; VHDL_1993            ; VHDL_1993            ;
; State Machine Processing                                                   ; Auto                 ; Auto                 ;
; Safe State Machine                                                         ; Off                  ; Off                  ;
; Extract Verilog State Machines                                             ; On                   ; On                   ;
; Extract VHDL State Machines                                                ; On                   ; On                   ;
; Ignore Verilog initial constructs                                          ; Off                  ; Off                  ;
; Iteration limit for constant Verilog loops                                 ; 5000                 ; 5000                 ;
; Iteration limit for non-constant Verilog loops                             ; 250                  ; 250                  ;
; Add Pass-Through Logic to Inferred RAMs                                    ; On                   ; On                   ;
; Infer RAMs from Raw Logic                                                  ; On                   ; On                   ;
; Parallel Synthesis                                                         ; On                   ; On                   ;
; DSP Block Balancing                                                        ; Auto                 ; Auto                 ;
; NOT Gate Push-Back                                                         ; On                   ; On                   ;
; Power-Up Don't Care                                                        ; On                   ; On                   ;
; Remove Redundant Logic Cells                                               ; Off                  ; Off                  ;
; Remove Duplicate Registers                                                 ; On                   ; On                   ;
; Ignore CARRY Buffers                                                       ; Off                  ; Off                  ;
; Ignore CASCADE Buffers                                                     ; Off                  ; Off                  ;
; Ignore GLOBAL Buffers                                                      ; Off                  ; Off                  ;
; Ignore ROW GLOBAL Buffers                                                  ; Off                  ; Off                  ;
; Ignore LCELL Buffers                                                       ; Off                  ; Off                  ;
; Ignore SOFT Buffers                                                        ; On                   ; On                   ;
; Limit AHDL Integers to 32 Bits                                             ; Off                  ; Off                  ;
; Optimization Technique                                                     ; Balanced             ; Balanced             ;
; Carry Chain Length                                                         ; 70                   ; 70                   ;
; Auto Carry Chains                                                          ; On                   ; On                   ;
; Auto Open-Drain Pins                                                       ; On                   ; On                   ;
; Perform WYSIWYG Primitive Resynthesis                                      ; Off                  ; Off                  ;
; Auto ROM Replacement                                                       ; On                   ; On                   ;
; Auto RAM Replacement                                                       ; On                   ; On                   ;
; Auto DSP Block Replacement                                                 ; On                   ; On                   ;
; Auto Shift Register Replacement                                            ; Auto                 ; Auto                 ;
; Allow Shift Register Merging across Hierarchies                            ; Auto                 ; Auto                 ;
; Auto Clock Enable Replacement                                              ; On                   ; On                   ;
; Strict RAM Replacement                                                     ; Off                  ; Off                  ;
; Allow Synchronous Control Signals                                          ; On                   ; On                   ;
; Force Use of Synchronous Clear Signals                                     ; Off                  ; Off                  ;
; Auto RAM Block Balancing                                                   ; On                   ; On                   ;
; Auto RAM to Logic Cell Conversion                                          ; Off                  ; Off                  ;
; Auto Resource Sharing                                                      ; Off                  ; Off                  ;
; Allow Any RAM Size For Recognition                                         ; Off                  ; Off                  ;
; Allow Any ROM Size For Recognition                                         ; Off                  ; Off                  ;
; Allow Any Shift Register Size For Recognition                              ; Off                  ; Off                  ;
; Use LogicLock Constraints during Resource Balancing                        ; On                   ; On                   ;
; Ignore translate_off and synthesis_off directives                          ; Off                  ; Off                  ;
; Timing-Driven Synthesis                                                    ; On                   ; On                   ;
; Report Parameter Settings                                                  ; On                   ; On                   ;
; Report Source Assignments                                                  ; On                   ; On                   ;
; Report Connectivity Checks                                                 ; On                   ; On                   ;
; Ignore Maximum Fan-Out Assignments                                         ; Off                  ; Off                  ;
; Synchronization Register Chain Length                                      ; 2                    ; 2                    ;
; PowerPlay Power Optimization During Synthesis                              ; Normal compilation   ; Normal compilation   ;
; HDL message level                                                          ; Level2               ; Level2               ;
; Suppress Register Optimization Related Messages                            ; Off                  ; Off                  ;
; Number of Removed Registers Reported in Synthesis Report                   ; 5000                 ; 5000                 ;
; Number of Swept Nodes Reported in Synthesis Report                         ; 5000                 ; 5000                 ;
; Number of Inverted Registers Reported in Synthesis Report                  ; 100                  ; 100                  ;
; Clock MUX Protection                                                       ; On                   ; On                   ;
; Auto Gated Clock Conversion                                                ; Off                  ; Off                  ;
; Block Design Naming                                                        ; Auto                 ; Auto                 ;
; SDC constraint protection                                                  ; Off                  ; Off                  ;
; Synthesis Effort                                                           ; Auto                 ; Auto                 ;
; Shift Register Replacement - Allow Asynchronous Clear Signal               ; On                   ; On                   ;
; Pre-Mapping Resynthesis Optimization                                       ; Off                  ; Off                  ;
; Analysis & Synthesis Message Level                                         ; Medium               ; Medium               ;
; Disable Register Merging Across Hierarchies                                ; Auto                 ; Auto                 ;
; Resource Aware Inference For Block RAM                                     ; On                   ; On                   ;
; Synthesis Seed                                                             ; 1                    ; 1                    ;
+----------------------------------------------------------------------------+----------------------+----------------------+


+------------------------------------------+
; Parallel Compilation                     ;
+----------------------------+-------------+
; Processors                 ; Number      ;
+----------------------------+-------------+
; Number detected on machine ; 4           ;
; Maximum allowed            ; 2           ;
;                            ;             ;
; Average used               ; 1.00        ;
; Maximum used               ; 2           ;
;                            ;             ;
; Usage by Processor         ; % Time Used ;
;     Processor 1            ; 100.0%      ;
;     Processor 2            ; < 0.1%      ;
+----------------------------+-------------+


+---------------------------------------------------------------------------------------------------------------------------+
; Analysis & Synthesis Source Files Read                                                                                    ;
+----------------------------------+-----------------+-----------------+------------------------------------------+---------+
; File Name with User-Entered Path ; Used in Netlist ; File Type       ; File Name with Absolute Path             ; Library ;
+----------------------------------+-----------------+-----------------+------------------------------------------+---------+
; Lab5_Moore_SM.vhd                ; yes             ; User VHDL File  ; N:/ECE-124/Lab5/Lab5_Moore_SM.vhd        ;         ;
; LogicalStep_Lab5_top.vhd         ; yes             ; User VHDL File  ; N:/ECE-124/Lab5/LogicalStep_Lab5_top.vhd ;         ;
; segment7_mux.vhd                 ; yes             ; User VHDL File  ; N:/ECE-124/Lab5/segment7_mux.vhd         ;         ;
; cycle_generator.vhd              ; yes             ; User VHDL File  ; N:/ECE-124/Lab5/cycle_generator.vhd      ;         ;
; SevenSegmentLights.vhd           ; yes             ; User VHDL File  ; N:/ECE-124/Lab5/SevenSegmentLights.vhd   ;         ;
; basic_synchronizer.vhd           ; yes             ; User VHDL File  ; N:/ECE-124/Lab5/basic_synchronizer.vhd   ;         ;
; input_latch.vhd                  ; yes             ; User VHDL File  ; N:/ECE-124/Lab5/input_latch.vhd          ;         ;
+----------------------------------+-----------------+-----------------+------------------------------------------+---------+


+-----------------------------------------------------------+
; Analysis & Synthesis Resource Usage Summary               ;
+---------------------------------------------+-------------+
; Resource                                    ; Usage       ;
+---------------------------------------------+-------------+
; Estimated Total logic elements              ; 213         ;
;                                             ;             ;
; Total combinational functions               ; 207         ;
; Logic element usage by number of LUT inputs ;             ;
;     -- 4 input functions                    ; 37          ;
;     -- 3 input functions                    ; 10          ;
;     -- <=2 input functions                  ; 160         ;
;                                             ;             ;
; Logic elements by mode                      ;             ;
;     -- normal mode                          ; 136         ;
;     -- arithmetic mode                      ; 71          ;
;                                             ;             ;
; Total registers                             ; 107         ;
;     -- Dedicated logic registers            ; 107         ;
;     -- I/O registers                        ; 0           ;
;                                             ;             ;
; I/O pins                                    ; 31          ;
;                                             ;             ;
; Embedded Multiplier 9-bit elements          ; 0           ;
;                                             ;             ;
; Maximum fan-out node                        ; rst_n~input ;
; Maximum fan-out                             ; 96          ;
; Total fan-out                               ; 816         ;
; Average fan-out                             ; 2.17        ;
+---------------------------------------------+-------------+


+-------------------------------------------------------------------------------------------------------------------------------------------------------------------------------------------------------------------------------------+
; Analysis & Synthesis Resource Utilization by Entity                                                                                                                                                                                 ;
+-------------------------------+-------------------+--------------+-------------+------------+--------------+---------+-----------+------+--------------+------------+------------------------------------------------+--------------+
; Compilation Hierarchy Node    ; LC Combinationals ; LC Registers ; Memory Bits ; UFM Blocks ; DSP Elements ; DSP 9x9 ; DSP 18x18 ; Pins ; Virtual Pins ; ADC blocks ; Full Hierarchy Name                            ; Library Name ;
+-------------------------------+-------------------+--------------+-------------+------------+--------------+---------+-----------+------+--------------+------------+------------------------------------------------+--------------+
; |LogicalStep_Lab5_top         ; 207 (2)           ; 107 (0)      ; 0           ; 0          ; 0            ; 0       ; 0         ; 31   ; 0            ; 0          ; |LogicalStep_Lab5_top                          ; work         ;
;    |Lab5_Moore_SM:INST3|      ; 30 (30)           ; 18 (18)      ; 0           ; 0          ; 0            ; 0       ; 0         ; 0    ; 0            ; 0          ; |LogicalStep_Lab5_top|Lab5_Moore_SM:INST3      ; work         ;
;    |basic_synchronizer:INST4| ; 1 (1)             ; 2 (2)        ; 0           ; 0          ; 0            ; 0       ; 0         ; 0    ; 0            ; 0          ; |LogicalStep_Lab5_top|basic_synchronizer:INST4 ; work         ;
;    |basic_synchronizer:INST5| ; 1 (1)             ; 2 (2)        ; 0           ; 0          ; 0            ; 0       ; 0         ; 0    ; 0            ; 0          ; |LogicalStep_Lab5_top|basic_synchronizer:INST5 ; work         ;
;    |basic_synchronizer:INST8| ; 1 (1)             ; 2 (2)        ; 0           ; 0          ; 0            ; 0       ; 0         ; 0    ; 0            ; 0          ; |LogicalStep_Lab5_top|basic_synchronizer:INST8 ; work         ;
;    |basic_synchronizer:INST9| ; 1 (1)             ; 2 (2)        ; 0           ; 0          ; 0            ; 0       ; 0         ; 0    ; 0            ; 0          ; |LogicalStep_Lab5_top|basic_synchronizer:INST9 ; work         ;
;    |cycle_generator:GEN1|     ; 74 (74)           ; 33 (33)      ; 0           ; 0          ; 0            ; 0       ; 0         ; 0    ; 0            ; 0          ; |LogicalStep_Lab5_top|cycle_generator:GEN1     ; work         ;
;    |cycle_generator:GEN2|     ; 77 (77)           ; 35 (35)      ; 0           ; 0          ; 0            ; 0       ; 0         ; 0    ; 0            ; 0          ; |LogicalStep_Lab5_top|cycle_generator:GEN2     ; work         ;
;    |input_latch:INST6|        ; 2 (2)             ; 1 (1)        ; 0           ; 0          ; 0            ; 0       ; 0         ; 0    ; 0            ; 0          ; |LogicalStep_Lab5_top|input_latch:INST6        ; work         ;
;    |input_latch:INST7|        ; 1 (1)             ; 1 (1)        ; 0           ; 0          ; 0            ; 0       ; 0         ; 0    ; 0            ; 0          ; |LogicalStep_Lab5_top|input_latch:INST7        ; work         ;
;    |segment7_mux:INST1|       ; 17 (17)           ; 11 (11)      ; 0           ; 0          ; 0            ; 0       ; 0         ; 0    ; 0            ; 0          ; |LogicalStep_Lab5_top|segment7_mux:INST1       ; work         ;
+-------------------------------+-------------------+--------------+-------------+------------+--------------+---------+-----------+------+--------------+------------+------------------------------------------------+--------------+
Note: For table entries with two numbers listed, the numbers in parentheses indicate the number of resources of the given type used by the specific entity alone. The numbers listed outside of parentheses indicate the total resources of the given type used by the specific entity and all of its sub-entities in the hierarchy.


Encoding Type:  One-Hot
+--------------------------------------------------------------------------------------------------------------------------------------------------------------------------------------------------------------------------------------------------------------------------------------------------------------------------------------------------------------------------+
; State Machine - |LogicalStep_Lab5_top|Lab5_Moore_SM:INST3|current_state                                                                                                                                                                                                                                                                                                  ;
+-------------------+-------------------+------------------+------------------+------------------+------------------+------------------+------------------+------------------+------------------+------------------+------------------+------------------+------------------+------------------+------------------+------------------+------------------+------------------+
; Name              ; current_state.RSM ; current_state.NM ; current_state.HF ; current_state.HE ; current_state.HD ; current_state.HC ; current_state.HB ; current_state.HA ; current_state.H9 ; current_state.H8 ; current_state.H7 ; current_state.H6 ; current_state.H5 ; current_state.H4 ; current_state.H3 ; current_state.H2 ; current_state.H1 ; current_state.H0 ;
+-------------------+-------------------+------------------+------------------+------------------+------------------+------------------+------------------+------------------+------------------+------------------+------------------+------------------+------------------+------------------+------------------+------------------+------------------+------------------+
; current_state.H0  ; 0                 ; 0                ; 0                ; 0                ; 0                ; 0                ; 0                ; 0                ; 0                ; 0                ; 0                ; 0                ; 0                ; 0                ; 0                ; 0                ; 0                ; 0                ;
; current_state.H1  ; 0                 ; 0                ; 0                ; 0                ; 0                ; 0                ; 0                ; 0                ; 0                ; 0                ; 0                ; 0                ; 0                ; 0                ; 0                ; 0                ; 1                ; 1                ;
; current_state.H2  ; 0                 ; 0                ; 0                ; 0                ; 0                ; 0                ; 0                ; 0                ; 0                ; 0                ; 0                ; 0                ; 0                ; 0                ; 0                ; 1                ; 0                ; 1                ;
; current_state.H3  ; 0                 ; 0                ; 0                ; 0                ; 0                ; 0                ; 0                ; 0                ; 0                ; 0                ; 0                ; 0                ; 0                ; 0                ; 1                ; 0                ; 0                ; 1                ;
; current_state.H4  ; 0                 ; 0                ; 0                ; 0                ; 0                ; 0                ; 0                ; 0                ; 0                ; 0                ; 0                ; 0                ; 0                ; 1                ; 0                ; 0                ; 0                ; 1                ;
; current_state.H5  ; 0                 ; 0                ; 0                ; 0                ; 0                ; 0                ; 0                ; 0                ; 0                ; 0                ; 0                ; 0                ; 1                ; 0                ; 0                ; 0                ; 0                ; 1                ;
; current_state.H6  ; 0                 ; 0                ; 0                ; 0                ; 0                ; 0                ; 0                ; 0                ; 0                ; 0                ; 0                ; 1                ; 0                ; 0                ; 0                ; 0                ; 0                ; 1                ;
; current_state.H7  ; 0                 ; 0                ; 0                ; 0                ; 0                ; 0                ; 0                ; 0                ; 0                ; 0                ; 1                ; 0                ; 0                ; 0                ; 0                ; 0                ; 0                ; 1                ;
; current_state.H8  ; 0                 ; 0                ; 0                ; 0                ; 0                ; 0                ; 0                ; 0                ; 0                ; 1                ; 0                ; 0                ; 0                ; 0                ; 0                ; 0                ; 0                ; 1                ;
; current_state.H9  ; 0                 ; 0                ; 0                ; 0                ; 0                ; 0                ; 0                ; 0                ; 1                ; 0                ; 0                ; 0                ; 0                ; 0                ; 0                ; 0                ; 0                ; 1                ;
; current_state.HA  ; 0                 ; 0                ; 0                ; 0                ; 0                ; 0                ; 0                ; 1                ; 0                ; 0                ; 0                ; 0                ; 0                ; 0                ; 0                ; 0                ; 0                ; 1                ;
; current_state.HB  ; 0                 ; 0                ; 0                ; 0                ; 0                ; 0                ; 1                ; 0                ; 0                ; 0                ; 0                ; 0                ; 0                ; 0                ; 0                ; 0                ; 0                ; 1                ;
; current_state.HC  ; 0                 ; 0                ; 0                ; 0                ; 0                ; 1                ; 0                ; 0                ; 0                ; 0                ; 0                ; 0                ; 0                ; 0                ; 0                ; 0                ; 0                ; 1                ;
; current_state.HD  ; 0                 ; 0                ; 0                ; 0                ; 1                ; 0                ; 0                ; 0                ; 0                ; 0                ; 0                ; 0                ; 0                ; 0                ; 0                ; 0                ; 0                ; 1                ;
; current_state.HE  ; 0                 ; 0                ; 0                ; 1                ; 0                ; 0                ; 0                ; 0                ; 0                ; 0                ; 0                ; 0                ; 0                ; 0                ; 0                ; 0                ; 0                ; 1                ;
; current_state.HF  ; 0                 ; 0                ; 1                ; 0                ; 0                ; 0                ; 0                ; 0                ; 0                ; 0                ; 0                ; 0                ; 0                ; 0                ; 0                ; 0                ; 0                ; 1                ;
; current_state.NM  ; 0                 ; 1                ; 0                ; 0                ; 0                ; 0                ; 0                ; 0                ; 0                ; 0                ; 0                ; 0                ; 0                ; 0                ; 0                ; 0                ; 0                ; 1                ;
; current_state.RSM ; 1                 ; 0                ; 0                ; 0                ; 0                ; 0                ; 0                ; 0                ; 0                ; 0                ; 0                ; 0                ; 0                ; 0                ; 0                ; 0                ; 0                ; 1                ;
+-------------------+-------------------+------------------+------------------+------------------+------------------+------------------+------------------+------------------+------------------+------------------+------------------+------------------+------------------+------------------+------------------+------------------+------------------+------------------+


+-----------------------------------------------------------------------------------------+
; Registers Removed During Synthesis                                                      ;
+---------------------------------------+-------------------------------------------------+
; Register name                         ; Reason for Removal                              ;
+---------------------------------------+-------------------------------------------------+
; cycle_generator:GEN1|bin_counter[0]   ; Merged with cycle_generator:GEN2|bin_counter[0] ;
; cycle_generator:GEN1|bin_counter[1]   ; Merged with cycle_generator:GEN2|bin_counter[1] ;
; Total Number of Removed Registers = 2 ;                                                 ;
+---------------------------------------+-------------------------------------------------+


+------------------------------------------------------+
; General Register Statistics                          ;
+----------------------------------------------+-------+
; Statistic                                    ; Value ;
+----------------------------------------------+-------+
; Total registers                              ; 107   ;
; Number of registers using Synchronous Clear  ; 0     ;
; Number of registers using Synchronous Load   ; 0     ;
; Number of registers using Asynchronous Clear ; 96    ;
; Number of registers using Asynchronous Load  ; 0     ;
; Number of registers using Clock Enable       ; 0     ;
; Number of registers using Preset             ; 0     ;
+----------------------------------------------+-------+


+---------------------------------------------------+
; Inverted Register Statistics                      ;
+-----------------------------------------+---------+
; Inverted Register                       ; Fan out ;
+-----------------------------------------+---------+
; cycle_generator:GEN2|bin_counter[1]     ; 3       ;
; cycle_generator:GEN2|bin_counter[0]     ; 3       ;
; cycle_generator:GEN2|bin_counter[22]    ; 2       ;
; cycle_generator:GEN2|bin_counter[19]    ; 2       ;
; cycle_generator:GEN2|bin_counter[18]    ; 2       ;
; cycle_generator:GEN2|bin_counter[14]    ; 2       ;
; cycle_generator:GEN2|bin_counter[11]    ; 2       ;
; cycle_generator:GEN2|bin_counter[9]     ; 2       ;
; cycle_generator:GEN2|bin_counter[8]     ; 2       ;
; cycle_generator:GEN2|bin_counter[5]     ; 2       ;
; cycle_generator:GEN2|bin_counter[4]     ; 2       ;
; cycle_generator:GEN2|bin_counter[3]     ; 2       ;
; cycle_generator:GEN2|bin_counter[2]     ; 2       ;
; cycle_generator:GEN1|bin_counter[24]    ; 2       ;
; cycle_generator:GEN1|bin_counter[22]    ; 2       ;
; cycle_generator:GEN1|bin_counter[21]    ; 2       ;
; cycle_generator:GEN1|bin_counter[20]    ; 2       ;
; cycle_generator:GEN1|bin_counter[19]    ; 2       ;
; cycle_generator:GEN1|bin_counter[18]    ; 2       ;
; cycle_generator:GEN1|bin_counter[16]    ; 2       ;
; cycle_generator:GEN1|bin_counter[14]    ; 2       ;
; cycle_generator:GEN1|bin_counter[13]    ; 2       ;
; cycle_generator:GEN1|bin_counter[12]    ; 2       ;
; cycle_generator:GEN1|bin_counter[11]    ; 2       ;
; cycle_generator:GEN1|bin_counter[5]     ; 2       ;
; cycle_generator:GEN1|bin_counter[4]     ; 2       ;
; cycle_generator:GEN1|bin_counter[3]     ; 2       ;
; cycle_generator:GEN1|bin_counter[2]     ; 2       ;
; Total number of inverted registers = 28 ;         ;
+-----------------------------------------+---------+


+--------------------------------------------------+
; Port Connectivity Checks: "cycle_generator:GEN2" ;
+----------------+-------+----------+--------------+
; Port           ; Type  ; Severity ; Details      ;
+----------------+-------+----------+--------------+
; modulo[19..18] ; Input ; Info     ; Stuck at VCC ;
; modulo[9..8]   ; Input ; Info     ; Stuck at VCC ;
; modulo[5..0]   ; Input ; Info     ; Stuck at VCC ;
; modulo[31..23] ; Input ; Info     ; Stuck at GND ;
; modulo[21..20] ; Input ; Info     ; Stuck at GND ;
; modulo[17..15] ; Input ; Info     ; Stuck at GND ;
; modulo[13..12] ; Input ; Info     ; Stuck at GND ;
; modulo[7..6]   ; Input ; Info     ; Stuck at GND ;
; modulo[22]     ; Input ; Info     ; Stuck at VCC ;
; modulo[14]     ; Input ; Info     ; Stuck at VCC ;
; modulo[11]     ; Input ; Info     ; Stuck at VCC ;
; modulo[10]     ; Input ; Info     ; Stuck at GND ;
+----------------+-------+----------+--------------+


+--------------------------------------------------+
; Port Connectivity Checks: "cycle_generator:GEN1" ;
+----------------+-------+----------+--------------+
; Port           ; Type  ; Severity ; Details      ;
+----------------+-------+----------+--------------+
; modulo[22..18] ; Input ; Info     ; Stuck at VCC ;
; modulo[14..11] ; Input ; Info     ; Stuck at VCC ;
; modulo[5..0]   ; Input ; Info     ; Stuck at VCC ;
; modulo[31..25] ; Input ; Info     ; Stuck at GND ;
; modulo[10..6]  ; Input ; Info     ; Stuck at GND ;
; modulo[24]     ; Input ; Info     ; Stuck at VCC ;
; modulo[23]     ; Input ; Info     ; Stuck at GND ;
; modulo[17]     ; Input ; Info     ; Stuck at GND ;
; modulo[16]     ; Input ; Info     ; Stuck at VCC ;
; modulo[15]     ; Input ; Info     ; Stuck at GND ;
+----------------+-------+----------+--------------+


+-----------------------------------------------------+
; Post-Synthesis Netlist Statistics for Top Partition ;
+-----------------------+-----------------------------+
; Type                  ; Count                       ;
+-----------------------+-----------------------------+
; boundary_port         ; 31                          ;
; cycloneiii_ff         ; 107                         ;
;     CLR               ; 96                          ;
;     plain             ; 11                          ;
; cycloneiii_io_obuf    ; 1                           ;
; cycloneiii_lcell_comb ; 210                         ;
;     arith             ; 71                          ;
;         2 data inputs ; 70                          ;
;         3 data inputs ; 1                           ;
;     normal            ; 139                         ;
;         0 data inputs ; 1                           ;
;         1 data inputs ; 38                          ;
;         2 data inputs ; 54                          ;
;         3 data inputs ; 9                           ;
;         4 data inputs ; 37                          ;
;                       ;                             ;
; Max LUT depth         ; 5.10                        ;
; Average LUT depth     ; 3.41                        ;
+-----------------------+-----------------------------+


+-------------------------------+
; Elapsed Time Per Partition    ;
+----------------+--------------+
; Partition Name ; Elapsed Time ;
+----------------+--------------+
; Top            ; 00:00:01     ;
+----------------+--------------+


+-------------------------------+
; Analysis & Synthesis Messages ;
+-------------------------------+
Info: *******************************************************************
Info: Running Quartus Prime Analysis & Synthesis
    Info: Version 15.1.0 Build 185 10/21/2015 SJ Standard Edition
    Info: Processing started: Sat Jul 15 18:28:09 2017
Info: Command: quartus_map --read_settings_files=on --write_settings_files=off LogicalStep_Lab5 -c LogicalStep_Lab5_top
Info (20030): Parallel compilation is enabled and will use 2 of the 2 processors detected
Info (12021): Found 2 design units, including 1 entities, in source file lab5_moore_sm.vhd
    Info (12022): Found design unit 1: Lab5_Moore_SM-MSM File: N:/ECE-124/Lab5/Lab5_Moore_SM.vhd Line: 22
    Info (12023): Found entity 1: Lab5_Moore_SM File: N:/ECE-124/Lab5/Lab5_Moore_SM.vhd Line: 5
Info (12021): Found 2 design units, including 1 entities, in source file logicalstep_lab5_top.vhd
    Info (12022): Found design unit 1: LogicalStep_Lab5_top-SimpleCircuit File: N:/ECE-124/Lab5/LogicalStep_Lab5_top.vhd Line: 20
    Info (12023): Found entity 1: LogicalStep_Lab5_top File: N:/ECE-124/Lab5/LogicalStep_Lab5_top.vhd Line: 6
Info (12021): Found 2 design units, including 1 entities, in source file segment7_mux.vhd
    Info (12022): Found design unit 1: segment7_mux-syn File: N:/ECE-124/Lab5/segment7_mux.vhd Line: 67
    Info (12023): Found entity 1: segment7_mux File: N:/ECE-124/Lab5/segment7_mux.vhd Line: 52
Info (12021): Found 2 design units, including 1 entities, in source file cycle_generator.vhd
    Info (12022): Found design unit 1: cycle_generator-counter File: N:/ECE-124/Lab5/cycle_generator.vhd Line: 14
    Info (12023): Found entity 1: cycle_generator File: N:/ECE-124/Lab5/cycle_generator.vhd Line: 5
Info (12021): Found 2 design units, including 1 entities, in source file sevensegmentlights.vhd
    Info (12022): Found design unit 1: SevenSegmentLights-Behavioral File: N:/ECE-124/Lab5/SevenSegmentLights.vhd Line: 28
    Info (12023): Found entity 1: SevenSegmentLights File: N:/ECE-124/Lab5/SevenSegmentLights.vhd Line: 10
Info (12021): Found 2 design units, including 1 entities, in source file basic_synchronizer.vhd
    Info (12022): Found design unit 1: basic_synchronizer-synchronizer File: N:/ECE-124/Lab5/basic_synchronizer.vhd Line: 14
    Info (12023): Found entity 1: basic_synchronizer File: N:/ECE-124/Lab5/basic_synchronizer.vhd Line: 5
Warning (12019): Can't analyze file -- file Latch.vhd is missing
Info (12021): Found 2 design units, including 1 entities, in source file input_latch.vhd
    Info (12022): Found design unit 1: input_latch-Latch_Design File: N:/ECE-124/Lab5/input_latch.vhd Line: 15
    Info (12023): Found entity 1: input_latch File: N:/ECE-124/Lab5/input_latch.vhd Line: 5
Info (12127): Elaborating entity "LogicalStep_Lab5_top" for the top level hierarchy
Info (12128): Elaborating entity "cycle_generator" for hierarchy "cycle_generator:GEN1" File: N:/ECE-124/Lab5/LogicalStep_Lab5_top.vhd Line: 139
Warning (10492): VHDL Process Statement warning at cycle_generator.vhd(32): signal "modulo" is read inside the Process Statement but isn't in the Process Statement's sensitivity list File: N:/ECE-124/Lab5/cycle_generator.vhd Line: 32
Warning (10492): VHDL Process Statement warning at cycle_generator.vhd(49): signal "bin_counter" is read inside the Process Statement but isn't in the Process Statement's sensitivity list File: N:/ECE-124/Lab5/cycle_generator.vhd Line: 49
Warning (10492): VHDL Process Statement warning at cycle_generator.vhd(50): signal "terminal_count" is read inside the Process Statement but isn't in the Process Statement's sensitivity list File: N:/ECE-124/Lab5/cycle_generator.vhd Line: 50
Warning (10492): VHDL Process Statement warning at cycle_generator.vhd(76): signal "strobe" is read inside the Process Statement but isn't in the Process Statement's sensitivity list File: N:/ECE-124/Lab5/cycle_generator.vhd Line: 76
Info (12128): Elaborating entity "segment7_mux" for hierarchy "segment7_mux:INST1" File: N:/ECE-124/Lab5/LogicalStep_Lab5_top.vhd Line: 143
Info (12128): Elaborating entity "SevenSegmentLights" for hierarchy "SevenSegmentLights:INST2" File: N:/ECE-124/Lab5/LogicalStep_Lab5_top.vhd Line: 145
Warning (10492): VHDL Process Statement warning at SevenSegmentLights.vhd(40): signal "reduced_mode" is read inside the Process Statement but isn't in the Process Statement's sensitivity list File: N:/ECE-124/Lab5/SevenSegmentLights.vhd Line: 40
Warning (10492): VHDL Process Statement warning at SevenSegmentLights.vhd(42): signal "strobe1Hz" is read inside the Process Statement but isn't in the Process Statement's sensitivity list File: N:/ECE-124/Lab5/SevenSegmentLights.vhd Line: 42
Warning (10492): VHDL Process Statement warning at SevenSegmentLights.vhd(48): signal "night_mode" is read inside the Process Statement but isn't in the Process Statement's sensitivity list File: N:/ECE-124/Lab5/SevenSegmentLights.vhd Line: 48
Warning (10492): VHDL Process Statement warning at SevenSegmentLights.vhd(58): signal "strobe5Hz" is read inside the Process Statement but isn't in the Process Statement's sensitivity list File: N:/ECE-124/Lab5/SevenSegmentLights.vhd Line: 58
Warning (10492): VHDL Process Statement warning at SevenSegmentLights.vhd(66): signal "strobe5Hz" is read inside the Process Statement but isn't in the Process Statement's sensitivity list File: N:/ECE-124/Lab5/SevenSegmentLights.vhd Line: 66
Warning (10492): VHDL Process Statement warning at SevenSegmentLights.vhd(138): signal "reduced_mode" is read inside the Process Statement but isn't in the Process Statement's sensitivity list File: N:/ECE-124/Lab5/SevenSegmentLights.vhd Line: 138
Warning (10492): VHDL Process Statement warning at SevenSegmentLights.vhd(140): signal "strobe1Hz" is read inside the Process Statement but isn't in the Process Statement's sensitivity list File: N:/ECE-124/Lab5/SevenSegmentLights.vhd Line: 140
Warning (10492): VHDL Process Statement warning at SevenSegmentLights.vhd(146): signal "night_mode" is read inside the Process Statement but isn't in the Process Statement's sensitivity list File: N:/ECE-124/Lab5/SevenSegmentLights.vhd Line: 146
Warning (10492): VHDL Process Statement warning at SevenSegmentLights.vhd(189): signal "strobe5Hz" is read inside the Process Statement but isn't in the Process Statement's sensitivity list File: N:/ECE-124/Lab5/SevenSegmentLights.vhd Line: 189
Warning (10492): VHDL Process Statement warning at SevenSegmentLights.vhd(197): signal "strobe5Hz" is read inside the Process Statement but isn't in the Process Statement's sensitivity list File: N:/ECE-124/Lab5/SevenSegmentLights.vhd Line: 197
Info (12128): Elaborating entity "Lab5_Moore_SM" for hierarchy "Lab5_Moore_SM:INST3" File: N:/ECE-124/Lab5/LogicalStep_Lab5_top.vhd Line: 147
Warning (10492): VHDL Process Statement warning at Lab5_Moore_SM.vhd(55): signal "inputEW" is read inside the Process Statement but isn't in the Process Statement's sensitivity list File: N:/ECE-124/Lab5/Lab5_Moore_SM.vhd Line: 55
Warning (10492): VHDL Process Statement warning at Lab5_Moore_SM.vhd(62): signal "inputEW" is read inside the Process Statement but isn't in the Process Statement's sensitivity list File: N:/ECE-124/Lab5/Lab5_Moore_SM.vhd Line: 62
Warning (10492): VHDL Process Statement warning at Lab5_Moore_SM.vhd(69): signal "inputEW" is read inside the Process Statement but isn't in the Process Statement's sensitivity list File: N:/ECE-124/Lab5/Lab5_Moore_SM.vhd Line: 69
Warning (10492): VHDL Process Statement warning at Lab5_Moore_SM.vhd(76): signal "inputEW" is read inside the Process Statement but isn't in the Process Statement's sensitivity list File: N:/ECE-124/Lab5/Lab5_Moore_SM.vhd Line: 76
Warning (10492): VHDL Process Statement warning at Lab5_Moore_SM.vhd(83): signal "inputEW" is read inside the Process Statement but isn't in the Process Statement's sensitivity list File: N:/ECE-124/Lab5/Lab5_Moore_SM.vhd Line: 83
Warning (10492): VHDL Process Statement warning at Lab5_Moore_SM.vhd(96): signal "reduced_sw" is read inside the Process Statement but isn't in the Process Statement's sensitivity list File: N:/ECE-124/Lab5/Lab5_Moore_SM.vhd Line: 96
Warning (10492): VHDL Process Statement warning at Lab5_Moore_SM.vhd(98): signal "night_sw" is read inside the Process Statement but isn't in the Process Statement's sensitivity list File: N:/ECE-124/Lab5/Lab5_Moore_SM.vhd Line: 98
Warning (10492): VHDL Process Statement warning at Lab5_Moore_SM.vhd(105): signal "inputNS" is read inside the Process Statement but isn't in the Process Statement's sensitivity list File: N:/ECE-124/Lab5/Lab5_Moore_SM.vhd Line: 105
Warning (10492): VHDL Process Statement warning at Lab5_Moore_SM.vhd(112): signal "inputNS" is read inside the Process Statement but isn't in the Process Statement's sensitivity list File: N:/ECE-124/Lab5/Lab5_Moore_SM.vhd Line: 112
Warning (10492): VHDL Process Statement warning at Lab5_Moore_SM.vhd(119): signal "inputNS" is read inside the Process Statement but isn't in the Process Statement's sensitivity list File: N:/ECE-124/Lab5/Lab5_Moore_SM.vhd Line: 119
Warning (10492): VHDL Process Statement warning at Lab5_Moore_SM.vhd(126): signal "inputNS" is read inside the Process Statement but isn't in the Process Statement's sensitivity list File: N:/ECE-124/Lab5/Lab5_Moore_SM.vhd Line: 126
Warning (10492): VHDL Process Statement warning at Lab5_Moore_SM.vhd(133): signal "inputNS" is read inside the Process Statement but isn't in the Process Statement's sensitivity list File: N:/ECE-124/Lab5/Lab5_Moore_SM.vhd Line: 133
Warning (10492): VHDL Process Statement warning at Lab5_Moore_SM.vhd(146): signal "reduced_sw" is read inside the Process Statement but isn't in the Process Statement's sensitivity list File: N:/ECE-124/Lab5/Lab5_Moore_SM.vhd Line: 146
Warning (10492): VHDL Process Statement warning at Lab5_Moore_SM.vhd(148): signal "night_sw" is read inside the Process Statement but isn't in the Process Statement's sensitivity list File: N:/ECE-124/Lab5/Lab5_Moore_SM.vhd Line: 148
Warning (10492): VHDL Process Statement warning at Lab5_Moore_SM.vhd(155): signal "reduced_sw" is read inside the Process Statement but isn't in the Process Statement's sensitivity list File: N:/ECE-124/Lab5/Lab5_Moore_SM.vhd Line: 155
Warning (10492): VHDL Process Statement warning at Lab5_Moore_SM.vhd(157): signal "night_sw" is read inside the Process Statement but isn't in the Process Statement's sensitivity list File: N:/ECE-124/Lab5/Lab5_Moore_SM.vhd Line: 157
Warning (10492): VHDL Process Statement warning at Lab5_Moore_SM.vhd(164): signal "reduced_sw" is read inside the Process Statement but isn't in the Process Statement's sensitivity list File: N:/ECE-124/Lab5/Lab5_Moore_SM.vhd Line: 164
Info (12128): Elaborating entity "basic_synchronizer" for hierarchy "basic_synchronizer:INST4" File: N:/ECE-124/Lab5/LogicalStep_Lab5_top.vhd Line: 149
Info (12128): Elaborating entity "input_latch" for hierarchy "input_latch:INST6" File: N:/ECE-124/Lab5/LogicalStep_Lab5_top.vhd Line: 153
Warning (13030): Reduced the following open-drain buffers that are fed by GND
    Warning (13031): Reduced fanout from the always-enabled open-drain buffer "segment7_mux:INST1|DOUT[1]" to the output pin "seg7_data[1]" to GND File: N:/ECE-124/Lab5/segment7_mux.vhd Line: 57
    Warning (13031): Reduced fanout from the always-enabled open-drain buffer "segment7_mux:INST1|DOUT[5]" to the output pin "seg7_data[5]" to GND File: N:/ECE-124/Lab5/segment7_mux.vhd Line: 57
Info (13000): Registers with preset signals will power-up high File: N:/ECE-124/Lab5/cycle_generator.vhd Line: 31
Info (13003): DEV_CLRn pin will set, and not reset, register with preset signal due to NOT Gate Push-Back
Warning (13024): Output pins are stuck at VCC or GND
    Warning (13410): Pin "seg7_data[1]" is stuck at GND File: N:/ECE-124/Lab5/LogicalStep_Lab5_top.vhd Line: 14
    Warning (13410): Pin "seg7_data[2]" is stuck at GND File: N:/ECE-124/Lab5/LogicalStep_Lab5_top.vhd Line: 14
    Warning (13410): Pin "seg7_data[4]" is stuck at GND File: N:/ECE-124/Lab5/LogicalStep_Lab5_top.vhd Line: 14
    Warning (13410): Pin "seg7_data[5]" is stuck at GND File: N:/ECE-124/Lab5/LogicalStep_Lab5_top.vhd Line: 14
Info (286030): Timing-Driven Synthesis is running
Info (16010): Generating hard_block partition "hard_block:auto_generated_inst"
    Info (16011): Adding 0 node(s), including 0 DDIO, 0 PLL, 0 transceiver and 0 LCELL
Warning (21074): Design contains 8 input pin(s) that do not drive logic
    Warning (15610): No output dependent on input pin "pb[2]" File: N:/ECE-124/Lab5/LogicalStep_Lab5_top.vhd Line: 11
    Warning (15610): No output dependent on input pin "pb[3]" File: N:/ECE-124/Lab5/LogicalStep_Lab5_top.vhd Line: 11
    Warning (15610): No output dependent on input pin "sw[2]" File: N:/ECE-124/Lab5/LogicalStep_Lab5_top.vhd Line: 12
    Warning (15610): No output dependent on input pin "sw[3]" File: N:/ECE-124/Lab5/LogicalStep_Lab5_top.vhd Line: 12
    Warning (15610): No output dependent on input pin "sw[4]" File: N:/ECE-124/Lab5/LogicalStep_Lab5_top.vhd Line: 12
    Warning (15610): No output dependent on input pin "sw[5]" File: N:/ECE-124/Lab5/LogicalStep_Lab5_top.vhd Line: 12
    Warning (15610): No output dependent on input pin "sw[6]" File: N:/ECE-124/Lab5/LogicalStep_Lab5_top.vhd Line: 12
    Warning (15610): No output dependent on input pin "sw[7]" File: N:/ECE-124/Lab5/LogicalStep_Lab5_top.vhd Line: 12
Info (21057): Implemented 246 device resources after synthesis - the final resource count might be different
    Info (21058): Implemented 14 input pins
    Info (21059): Implemented 17 output pins
    Info (21061): Implemented 215 logic cells
Info: Quartus Prime Analysis & Synthesis was successful. 0 errors, 49 warnings
    Info: Peak virtual memory: 855 megabytes
    Info: Processing ended: Sat Jul 15 18:28:51 2017
    Info: Elapsed time: 00:00:42
    Info: Total CPU time (on all processors): 00:00:59


